<?xml version="1.0" encoding="UTF-8"?>
<!-- Generated by org.testng.reporters.JUnitReportReporter -->
<testsuite hostname="MADHUPA-PC" failures="0" tests="1" name="tests.LoginTest" time="3.788" errors="0" timestamp="2020-05-24T15:22:11 IST" skipped="0">
  <testcase classname="tests.LoginTest" name="loginTest" time="3.788"/>
  <system-out/>
</testsuite> <!-- tests.LoginTest -->
